Piping geometry file

Maximum fluid velocity:  3.00
Minimum fluid velocity:  2.00


To section  1 header pipe diameter: 0.8763m  ( 34.50 in)


Header pipe diameters for all subfields:
Loop No. | Diameter [m] | Diameter [in] | Diam. ID
--------------------------------------------------
     1   |    0.8763    |    34.500     |   1
     2   |    0.8763    |    34.500     |   1
     3   |    0.8763    |    34.500     |   1
     4   |    0.8763    |    34.500     |   1
     5   |    0.8763    |    34.500     |   1
     6   |    0.8763    |    34.500     |   1
     7   |    0.8763    |    34.500     |   1
     8   |    0.8763    |    34.500     |   1
     9   |    0.8763    |    34.500     |   1
    10   |    0.8763    |    34.500     |   1
    11   |    0.8763    |    34.500     |   1
    12   |    0.8763    |    34.500     |   1
    13   |    0.8763    |    34.500     |   1
    14   |    0.8763    |    34.500     |   1
    15   |    0.8763    |    34.500     |   1
    16   |    0.8763    |    34.500     |   1
    17   |    0.8763    |    34.500     |   1
    18   |    0.7302    |    28.750     |   2
    19   |    0.7302    |    28.750     |   2
    20   |    0.7302    |    28.750     |   2
    21   |    0.7302    |    28.750     |   2
    22   |    0.7302    |    28.750     |   2
    23   |    0.7302    |    28.750     |   2
    24   |    0.7302    |    28.750     |   2
    25   |    0.7302    |    28.750     |   2
    26   |    0.7302    |    28.750     |   2
    27   |    0.7302    |    28.750     |   2
    28   |    0.7302    |    28.750     |   2
    29   |    0.7302    |    28.750     |   2
    30   |    0.6350    |    25.000     |   3
    31   |    0.6350    |    25.000     |   3
    32   |    0.6350    |    25.000     |   3
    33   |    0.6350    |    25.000     |   3
    34   |    0.6350    |    25.000     |   3
    35   |    0.6350    |    25.000     |   3
    36   |    0.6350    |    25.000     |   3
    37   |    0.5334    |    21.000     |   4
    38   |    0.5334    |    21.000     |   4
    39   |    0.5334    |    21.000     |   4
    40   |    0.5334    |    21.000     |   4
    41   |    0.5334    |    21.000     |   4
    42   |    0.5334    |    21.000     |   4
    43   |    0.4889    |    19.250     |   5
    44   |    0.4889    |    19.250     |   5
    45   |    0.4889    |    19.250     |   5
    46   |    0.4381    |    17.250     |   6
    47   |    0.4381    |    17.250     |   6
    48   |    0.3906    |    15.376     |   7
    49   |    0.3906    |    15.376     |   7
    50   |    0.3398    |    13.376     |   8
    51   |    0.3398    |    13.376     |   8
    52   |    0.3111    |    12.250     |   9
    53   |    0.3111    |    12.250     |   9
    54   |    0.3111    |    12.250     |   9
    55   |    0.3111    |    12.250     |   9
    56   |    0.3111    |    12.250     |   9
    57   |    0.3111    |    12.250     |   9
    58   |    0.3111    |    12.250     |   9


----------------------------------------------
Plant HTF volume information:
----------------------------------------------
Cold header pipe volume:   0.1669E+04 m3
Hot header pipe volume:    0.1669E+04 m3
Volume per loop:           0.2816E+01 m3
Total volume in all loops: 0.6476E+03 m3
Total solar field volume:  0.3985E+04 m3
Pump / SGS system volume:  0.8533E+03 m3
---------------------------
Total plant HTF volume:    0.4838E+04 m3
