\BOOKMARK [1][-]{section.1}{\376\377\000O\000v\000e\000r\000v\000i\000e\000w}{}% 1
\BOOKMARK [2][-]{subsection.1.1}{\376\377\000F\000r\000a\000m\000e\000w\000o\000r\000k\000\040\000D\000e\000s\000c\000r\000i\000p\000t\000i\000o\000n}{section.1}% 2
\BOOKMARK [2][-]{subsection.1.2}{\376\377\000M\000o\000d\000e\000l\000i\000n\000g\000\040\000S\000y\000s\000t\000e\000m\000s}{section.1}% 3
\BOOKMARK [1][-]{section.2}{\376\377\000A\000\040\000B\000a\000s\000i\000c\000\040\000E\000x\000a\000m\000p\000l\000e\000:\000\040\000P\000V\000W\000a\000t\000t\000s}{}% 4
\BOOKMARK [2][-]{subsection.2.1}{\376\377\000P\000r\000o\000g\000r\000a\000m\000\040\000S\000k\000e\000l\000e\000t\000o\000n}{section.2}% 5
\BOOKMARK [2][-]{subsection.2.2}{\376\377\000S\000e\000t\000t\000i\000n\000g\000\040\000u\000p\000\040\000d\000a\000t\000a\000\040\000i\000n\000p\000u\000t\000s}{section.2}% 6
\BOOKMARK [2][-]{subsection.2.3}{\376\377\000S\000i\000m\000u\000l\000a\000t\000i\000n\000g\000\040\000a\000n\000d\000\040\000r\000e\000t\000r\000i\000e\000v\000i\000n\000g\000\040\000o\000u\000t\000p\000u\000t\000s}{section.2}% 7
\BOOKMARK [2][-]{subsection.2.4}{\376\377\000C\000l\000e\000a\000n\000i\000n\000g\000\040\000u\000p}{section.2}% 8
\BOOKMARK [2][-]{subsection.2.5}{\376\377\000C\000o\000m\000p\000i\000l\000i\000n\000g\000\040\000a\000n\000d\000\040\000r\000u\000n\000n\000i\000n\000g}{section.2}% 9
\BOOKMARK [2][-]{subsection.2.6}{\376\377\000S\000o\000m\000e\000\040\000a\000d\000d\000i\000t\000i\000o\000n\000a\000l\000\040\000c\000o\000m\000m\000e\000n\000t\000s}{section.2}% 10
\BOOKMARK [1][-]{section.3}{\376\377\000D\000a\000t\000a\000\040\000V\000a\000r\000i\000a\000b\000l\000e\000s}{}% 11
\BOOKMARK [2][-]{subsection.3.1}{\376\377\000V\000a\000r\000i\000a\000b\000l\000e\000\040\000T\000y\000p\000e\000s}{section.3}% 12
\BOOKMARK [2][-]{subsection.3.2}{\376\377\000D\000a\000t\000a\000\040\000T\000y\000p\000e\000s}{section.3}% 13
\BOOKMARK [2][-]{subsection.3.3}{\376\377\000V\000a\000r\000i\000a\000b\000l\000e\000\040\000D\000o\000c\000u\000m\000e\000n\000t\000a\000t\000i\000o\000n}{section.3}% 14
\BOOKMARK [2][-]{subsection.3.4}{\376\377\000D\000e\000f\000a\000u\000l\000t\000\040\000V\000a\000l\000u\000e\000s\000\040\000a\000n\000d\000\040\000C\000o\000n\000s\000t\000r\000a\000i\000n\000t\000s}{section.3}% 15
\BOOKMARK [2][-]{subsection.3.5}{\376\377\000M\000a\000n\000i\000p\000u\000l\000a\000t\000i\000n\000g\000\040\000D\000a\000t\000a\000\040\000C\000o\000n\000t\000a\000i\000n\000e\000r\000s}{section.3}% 16
\BOOKMARK [2][-]{subsection.3.6}{\376\377\000A\000s\000s\000i\000g\000n\000i\000n\000g\000\040\000a\000n\000d\000\040\000R\000e\000t\000r\000i\000e\000v\000i\000n\000g\000\040\000V\000a\000l\000u\000e\000s}{section.3}% 17
\BOOKMARK [3][-]{subsubsection.3.6.1}{\376\377\000N\000u\000m\000b\000e\000r\000s}{subsection.3.6}% 18
\BOOKMARK [3][-]{subsubsection.3.6.2}{\376\377\000A\000r\000r\000a\000y\000s}{subsection.3.6}% 19
\BOOKMARK [3][-]{subsubsection.3.6.3}{\376\377\000M\000a\000t\000r\000i\000c\000e\000s}{subsection.3.6}% 20
\BOOKMARK [3][-]{subsubsection.3.6.4}{\376\377\000S\000t\000r\000i\000n\000g\000s}{subsection.3.6}% 21
\BOOKMARK [3][-]{subsubsection.3.6.5}{\376\377\000T\000a\000b\000l\000e\000s}{subsection.3.6}% 22
\BOOKMARK [1][-]{section.4}{\376\377\000S\000i\000m\000u\000l\000a\000t\000i\000o\000n\000\040\000M\000o\000d\000u\000l\000e\000s}{}% 23
\BOOKMARK [2][-]{subsection.4.1}{\376\377\000Q\000u\000e\000r\000y\000i\000n\000g\000\040\000S\000S\000C\000\040\000f\000o\000r\000\040\000A\000v\000a\000i\000l\000a\000b\000l\000e\000\040\000M\000o\000d\000u\000l\000e\000s}{section.4}% 24
\BOOKMARK [2][-]{subsection.4.2}{\376\377\000S\000i\000m\000p\000l\000e\000\040\000M\000e\000t\000h\000o\000d\000\040\000\043\0001}{section.4}% 25
\BOOKMARK [2][-]{subsection.4.3}{\376\377\000S\000i\000m\000p\000l\000e\000\040\000M\000e\000t\000h\000o\000d\000\040\000\043\0002}{section.4}% 26
\BOOKMARK [2][-]{subsection.4.4}{\376\377\000R\000u\000n\000n\000i\000n\000g\000\040\000w\000i\000t\000h\000\040\000P\000r\000o\000g\000r\000e\000s\000s\000\040\000U\000p\000d\000a\000t\000e\000s\000,\000\040\000W\000a\000r\000n\000i\000n\000g\000s\000,\000\040\000a\000n\000d\000\040\000E\000r\000r\000o\000r\000s}{section.4}% 27
\BOOKMARK [2][-]{subsection.4.5}{\376\377\000R\000e\000t\000r\000i\000e\000v\000i\000n\000g\000\040\000M\000e\000s\000s\000a\000g\000e\000s}{section.4}% 28
\BOOKMARK [1][-]{section.5}{\376\377\000V\000e\000r\000s\000i\000o\000n\000\040\000I\000n\000f\000o\000r\000m\000a\000t\000i\000o\000n}{}% 29
\BOOKMARK [1][-]{section.6}{\376\377\000U\000s\000i\000n\000g\000\040\000t\000h\000e\000\040\000S\000S\000C\000d\000e\000v\000\040\000T\000o\000o\000l}{}% 30
\BOOKMARK [2][-]{subsection.6.1}{\376\377\000L\000o\000o\000k\000i\000n\000g\000\040\000u\000p\000\040\000V\000a\000r\000i\000a\000b\000l\000e\000s}{section.6}% 31
\BOOKMARK [1][-]{section.7}{\376\377\000L\000a\000n\000g\000u\000a\000g\000e\000\040\000I\000n\000t\000e\000r\000f\000a\000c\000e\000s}{}% 32
\BOOKMARK [2][-]{subsection.7.1}{\376\377\000N\000a\000t\000i\000v\000e\000\040\000C\000/\000C\000+\000+}{section.7}% 33
\BOOKMARK [2][-]{subsection.7.2}{\376\377\000M\000A\000T\000L\000A\000B}{section.7}% 34
\BOOKMARK [2][-]{subsection.7.3}{\376\377\000V\000i\000s\000u\000a\000l\000\040\000B\000a\000s\000i\000c\000\040\000f\000o\000r\000\040\000A\000p\000p\000l\000i\000c\000a\000t\000i\000o\000n\000s\000\040\000\050\000V\000B\000A\000\051}{section.7}% 35
\BOOKMARK [2][-]{subsection.7.4}{\376\377\000J\000a\000v\000a\000\040\000v\000i\000a\000\040\000N\000a\000t\000i\000v\000e\000\040\000I\000n\000t\000e\000r\000f\000a\000c\000e}{section.7}% 36
\BOOKMARK [2][-]{subsection.7.5}{\376\377\000C\000\043\000\040\000a\000n\000d\000\040\000.\000N\000E\000T}{section.7}% 37
\BOOKMARK [2][-]{subsection.7.6}{\376\377\000P\000H\000P}{section.7}% 38
\BOOKMARK [2][-]{subsection.7.7}{\376\377\000P\000y\000t\000h\000o\000n}{section.7}% 39
\BOOKMARK [2][-]{subsection.7.8}{\376\377\000R\000u\000b\000y\000-\000o\000n\000-\000R\000a\000i\000l\000s}{section.7}% 40
\BOOKMARK [1][-]{section.8}{\376\377\000C\000\040\000A\000P\000I\000\040\000R\000e\000f\000e\000r\000e\000n\000c\000e}{}% 41
\BOOKMARK [2][-]{subsection.8.1}{\376\377\000F\000:\000/\000S\000A\000M\000\040\000S\000S\000C\000/\000s\000s\000c\000/\000s\000s\000c\000/\000s\000s\000c\000a\000p\000i\000.\000h\000\040\000F\000i\000l\000e\000\040\000R\000e\000f\000e\000r\000e\000n\000c\000e}{section.8}% 42
\BOOKMARK [3][-]{subsubsection.8.1.1}{\376\377\000D\000e\000t\000a\000i\000l\000e\000d\000\040\000D\000e\000s\000c\000r\000i\000p\000t\000i\000o\000n}{subsection.8.1}% 43
\BOOKMARK [3][-]{subsubsection.8.1.2}{\376\377\000T\000y\000p\000e\000d\000e\000f\000\040\000D\000o\000c\000u\000m\000e\000n\000t\000a\000t\000i\000o\000n}{subsection.8.1}% 44
\BOOKMARK [4][-]{paragraph.8.1.2.1}{\376\377\000s\000s\000c\000\137\000b\000o\000o\000l\000\137\000t}{subsubsection.8.1.2}% 45
\BOOKMARK [4][-]{paragraph.8.1.2.2}{\376\377\000s\000s\000c\000\137\000d\000a\000t\000a\000\137\000t}{subsubsection.8.1.2}% 46
\BOOKMARK [4][-]{paragraph.8.1.2.3}{\376\377\000s\000s\000c\000\137\000e\000n\000t\000r\000y\000\137\000t}{subsubsection.8.1.2}% 47
\BOOKMARK [4][-]{paragraph.8.1.2.4}{\376\377\000s\000s\000c\000\137\000h\000a\000n\000d\000l\000e\000r\000\137\000t}{subsubsection.8.1.2}% 48
\BOOKMARK [4][-]{paragraph.8.1.2.5}{\376\377\000s\000s\000c\000\137\000i\000n\000f\000o\000\137\000t}{subsubsection.8.1.2}% 49
\BOOKMARK [4][-]{paragraph.8.1.2.6}{\376\377\000s\000s\000c\000\137\000m\000o\000d\000u\000l\000e\000\137\000t}{subsubsection.8.1.2}% 50
\BOOKMARK [4][-]{paragraph.8.1.2.7}{\376\377\000s\000s\000c\000\137\000n\000u\000m\000b\000e\000r\000\137\000t}{subsubsection.8.1.2}% 51
\BOOKMARK [3][-]{subsubsection.8.1.3}{\376\377\000F\000u\000n\000c\000t\000i\000o\000n\000\040\000D\000o\000c\000u\000m\000e\000n\000t\000a\000t\000i\000o\000n}{subsection.8.1}% 52
\BOOKMARK [4][-]{paragraph.8.1.3.1}{\376\377\000\137\000\137\000s\000s\000c\000\137\000s\000e\000g\000f\000a\000u\000l\000t}{subsubsection.8.1.3}% 53
\BOOKMARK [4][-]{paragraph.8.1.3.2}{\376\377\000s\000s\000c\000\137\000b\000u\000i\000l\000d\000\137\000i\000n\000f\000o}{subsubsection.8.1.3}% 54
\BOOKMARK [4][-]{paragraph.8.1.3.3}{\376\377\000s\000s\000c\000\137\000d\000a\000t\000a\000\137\000c\000l\000e\000a\000r}{subsubsection.8.1.3}% 55
\BOOKMARK [4][-]{paragraph.8.1.3.4}{\376\377\000s\000s\000c\000\137\000d\000a\000t\000a\000\137\000c\000r\000e\000a\000t\000e}{subsubsection.8.1.3}% 56
\BOOKMARK [4][-]{paragraph.8.1.3.5}{\376\377\000s\000s\000c\000\137\000d\000a\000t\000a\000\137\000f\000i\000r\000s\000t}{subsubsection.8.1.3}% 57
\BOOKMARK [4][-]{paragraph.8.1.3.6}{\376\377\000s\000s\000c\000\137\000d\000a\000t\000a\000\137\000f\000r\000e\000e}{subsubsection.8.1.3}% 58
\BOOKMARK [4][-]{paragraph.8.1.3.7}{\376\377\000s\000s\000c\000\137\000d\000a\000t\000a\000\137\000g\000e\000t\000\137\000a\000r\000r\000a\000y}{subsubsection.8.1.3}% 59
\BOOKMARK [4][-]{paragraph.8.1.3.8}{\376\377\000s\000s\000c\000\137\000d\000a\000t\000a\000\137\000g\000e\000t\000\137\000m\000a\000t\000r\000i\000x}{subsubsection.8.1.3}% 60
\BOOKMARK [4][-]{paragraph.8.1.3.9}{\376\377\000s\000s\000c\000\137\000d\000a\000t\000a\000\137\000g\000e\000t\000\137\000n\000u\000m\000b\000e\000r}{subsubsection.8.1.3}% 61
\BOOKMARK [4][-]{paragraph.8.1.3.10}{\376\377\000s\000s\000c\000\137\000d\000a\000t\000a\000\137\000g\000e\000t\000\137\000s\000t\000r\000i\000n\000g}{subsubsection.8.1.3}% 62
\BOOKMARK [4][-]{paragraph.8.1.3.11}{\376\377\000s\000s\000c\000\137\000d\000a\000t\000a\000\137\000g\000e\000t\000\137\000t\000a\000b\000l\000e}{subsubsection.8.1.3}% 63
\BOOKMARK [4][-]{paragraph.8.1.3.12}{\376\377\000s\000s\000c\000\137\000d\000a\000t\000a\000\137\000n\000e\000x\000t}{subsubsection.8.1.3}% 64
\BOOKMARK [4][-]{paragraph.8.1.3.13}{\376\377\000s\000s\000c\000\137\000d\000a\000t\000a\000\137\000q\000u\000e\000r\000y}{subsubsection.8.1.3}% 65
\BOOKMARK [4][-]{paragraph.8.1.3.14}{\376\377\000s\000s\000c\000\137\000d\000a\000t\000a\000\137\000s\000e\000t\000\137\000a\000r\000r\000a\000y}{subsubsection.8.1.3}% 66
\BOOKMARK [4][-]{paragraph.8.1.3.15}{\376\377\000s\000s\000c\000\137\000d\000a\000t\000a\000\137\000s\000e\000t\000\137\000m\000a\000t\000r\000i\000x}{subsubsection.8.1.3}% 67
\BOOKMARK [4][-]{paragraph.8.1.3.16}{\376\377\000s\000s\000c\000\137\000d\000a\000t\000a\000\137\000s\000e\000t\000\137\000n\000u\000m\000b\000e\000r}{subsubsection.8.1.3}% 68
\BOOKMARK [4][-]{paragraph.8.1.3.17}{\376\377\000s\000s\000c\000\137\000d\000a\000t\000a\000\137\000s\000e\000t\000\137\000s\000t\000r\000i\000n\000g}{subsubsection.8.1.3}% 69
\BOOKMARK [4][-]{paragraph.8.1.3.18}{\376\377\000s\000s\000c\000\137\000d\000a\000t\000a\000\137\000s\000e\000t\000\137\000t\000a\000b\000l\000e}{subsubsection.8.1.3}% 70
\BOOKMARK [4][-]{paragraph.8.1.3.19}{\376\377\000s\000s\000c\000\137\000d\000a\000t\000a\000\137\000u\000n\000a\000s\000s\000i\000g\000n}{subsubsection.8.1.3}% 71
\BOOKMARK [4][-]{paragraph.8.1.3.20}{\376\377\000s\000s\000c\000\137\000e\000n\000t\000r\000y\000\137\000d\000e\000s\000c\000r\000i\000p\000t\000i\000o\000n}{subsubsection.8.1.3}% 72
\BOOKMARK [4][-]{paragraph.8.1.3.21}{\376\377\000s\000s\000c\000\137\000e\000n\000t\000r\000y\000\137\000n\000a\000m\000e}{subsubsection.8.1.3}% 73
\BOOKMARK [4][-]{paragraph.8.1.3.22}{\376\377\000s\000s\000c\000\137\000e\000n\000t\000r\000y\000\137\000v\000e\000r\000s\000i\000o\000n}{subsubsection.8.1.3}% 74
\BOOKMARK [4][-]{paragraph.8.1.3.23}{\376\377\000s\000s\000c\000\137\000i\000n\000f\000o\000\137\000c\000o\000n\000s\000t\000r\000a\000i\000n\000t\000s}{subsubsection.8.1.3}% 75
\BOOKMARK [4][-]{paragraph.8.1.3.24}{\376\377\000s\000s\000c\000\137\000i\000n\000f\000o\000\137\000d\000a\000t\000a\000\137\000t\000y\000p\000e}{subsubsection.8.1.3}% 76
\BOOKMARK [4][-]{paragraph.8.1.3.25}{\376\377\000s\000s\000c\000\137\000i\000n\000f\000o\000\137\000g\000r\000o\000u\000p}{subsubsection.8.1.3}% 77
\BOOKMARK [4][-]{paragraph.8.1.3.26}{\376\377\000s\000s\000c\000\137\000i\000n\000f\000o\000\137\000l\000a\000b\000e\000l}{subsubsection.8.1.3}% 78
\BOOKMARK [4][-]{paragraph.8.1.3.27}{\376\377\000s\000s\000c\000\137\000i\000n\000f\000o\000\137\000m\000e\000t\000a}{subsubsection.8.1.3}% 79
\BOOKMARK [4][-]{paragraph.8.1.3.28}{\376\377\000s\000s\000c\000\137\000i\000n\000f\000o\000\137\000n\000a\000m\000e}{subsubsection.8.1.3}% 80
\BOOKMARK [4][-]{paragraph.8.1.3.29}{\376\377\000s\000s\000c\000\137\000i\000n\000f\000o\000\137\000r\000e\000q\000u\000i\000r\000e\000d}{subsubsection.8.1.3}% 81
\BOOKMARK [4][-]{paragraph.8.1.3.30}{\376\377\000s\000s\000c\000\137\000i\000n\000f\000o\000\137\000u\000i\000h\000i\000n\000t}{subsubsection.8.1.3}% 82
\BOOKMARK [4][-]{paragraph.8.1.3.31}{\376\377\000s\000s\000c\000\137\000i\000n\000f\000o\000\137\000u\000n\000i\000t\000s}{subsubsection.8.1.3}% 83
\BOOKMARK [4][-]{paragraph.8.1.3.32}{\376\377\000s\000s\000c\000\137\000i\000n\000f\000o\000\137\000v\000a\000r\000\137\000t\000y\000p\000e}{subsubsection.8.1.3}% 84
\BOOKMARK [4][-]{paragraph.8.1.3.33}{\376\377\000s\000s\000c\000\137\000m\000o\000d\000u\000l\000e\000\137\000c\000r\000e\000a\000t\000e}{subsubsection.8.1.3}% 85
\BOOKMARK [4][-]{paragraph.8.1.3.34}{\376\377\000s\000s\000c\000\137\000m\000o\000d\000u\000l\000e\000\137\000e\000n\000t\000r\000y}{subsubsection.8.1.3}% 86
\BOOKMARK [4][-]{paragraph.8.1.3.35}{\376\377\000s\000s\000c\000\137\000m\000o\000d\000u\000l\000e\000\137\000e\000x\000e\000c}{subsubsection.8.1.3}% 87
\BOOKMARK [4][-]{paragraph.8.1.3.36}{\376\377\000s\000s\000c\000\137\000m\000o\000d\000u\000l\000e\000\137\000e\000x\000e\000c\000\137\000s\000i\000m\000p\000l\000e}{subsubsection.8.1.3}% 88
\BOOKMARK [4][-]{paragraph.8.1.3.37}{\376\377\000s\000s\000c\000\137\000m\000o\000d\000u\000l\000e\000\137\000e\000x\000e\000c\000\137\000s\000i\000m\000p\000l\000e\000\137\000n\000o\000t\000h\000r\000e\000a\000d}{subsubsection.8.1.3}% 89
\BOOKMARK [4][-]{paragraph.8.1.3.38}{\376\377\000s\000s\000c\000\137\000m\000o\000d\000u\000l\000e\000\137\000e\000x\000e\000c\000\137\000w\000i\000t\000h\000\137\000h\000a\000n\000d\000l\000e\000r}{subsubsection.8.1.3}% 90
\BOOKMARK [4][-]{paragraph.8.1.3.39}{\376\377\000s\000s\000c\000\137\000m\000o\000d\000u\000l\000e\000\137\000e\000x\000t\000p\000r\000o\000c\000\137\000o\000u\000t\000p\000u\000t}{subsubsection.8.1.3}% 91
\BOOKMARK [4][-]{paragraph.8.1.3.40}{\376\377\000s\000s\000c\000\137\000m\000o\000d\000u\000l\000e\000\137\000f\000r\000e\000e}{subsubsection.8.1.3}% 92
\BOOKMARK [4][-]{paragraph.8.1.3.41}{\376\377\000s\000s\000c\000\137\000m\000o\000d\000u\000l\000e\000\137\000l\000o\000g}{subsubsection.8.1.3}% 93
\BOOKMARK [4][-]{paragraph.8.1.3.42}{\376\377\000s\000s\000c\000\137\000m\000o\000d\000u\000l\000e\000\137\000v\000a\000r\000\137\000i\000n\000f\000o}{subsubsection.8.1.3}% 94
\BOOKMARK [4][-]{paragraph.8.1.3.43}{\376\377\000s\000s\000c\000\137\000v\000e\000r\000s\000i\000o\000n}{subsubsection.8.1.3}% 95
