Piping geometry file

Maximum fluid velocity:  3.00
Minimum fluid velocity:  2.00


To section  1 header pipe diameter: 0.8763m  ( 34.50 in)


Header pipe diameters for all subfields:
Loop No. | Diameter [m] | Diameter [in] | Diam. ID
--------------------------------------------------
     1   |    0.8763    |    34.500     |   1
     2   |    0.8763    |    34.500     |   1
     3   |    0.8763    |    34.500     |   1
     4   |    0.8763    |    34.500     |   1
     5   |    0.8763    |    34.500     |   1
     6   |    0.8763    |    34.500     |   1
     7   |    0.8763    |    34.500     |   1
     8   |    0.8763    |    34.500     |   1
     9   |    0.8763    |    34.500     |   1
    10   |    0.8763    |    34.500     |   1
    11   |    0.8763    |    34.500     |   1
    12   |    0.8763    |    34.500     |   1
    13   |    0.8763    |    34.500     |   1
    14   |    0.8763    |    34.500     |   1
    15   |    0.7302    |    28.750     |   2
    16   |    0.7302    |    28.750     |   2
    17   |    0.7302    |    28.750     |   2
    18   |    0.7302    |    28.750     |   2
    19   |    0.7302    |    28.750     |   2
    20   |    0.7302    |    28.750     |   2
    21   |    0.7302    |    28.750     |   2
    22   |    0.7302    |    28.750     |   2
    23   |    0.7302    |    28.750     |   2
    24   |    0.7302    |    28.750     |   2
    25   |    0.7302    |    28.750     |   2
    26   |    0.6350    |    25.000     |   3
    27   |    0.6350    |    25.000     |   3
    28   |    0.6350    |    25.000     |   3
    29   |    0.6350    |    25.000     |   3
    30   |    0.6350    |    25.000     |   3
    31   |    0.6350    |    25.000     |   3
    32   |    0.5334    |    21.000     |   4
    33   |    0.5334    |    21.000     |   4
    34   |    0.5334    |    21.000     |   4
    35   |    0.5334    |    21.000     |   4
    36   |    0.5334    |    21.000     |   4
    37   |    0.4889    |    19.250     |   5
    38   |    0.4889    |    19.250     |   5
    39   |    0.4889    |    19.250     |   5
    40   |    0.4381    |    17.250     |   6
    41   |    0.4381    |    17.250     |   6
    42   |    0.3906    |    15.376     |   7
    43   |    0.3906    |    15.376     |   7
    44   |    0.3398    |    13.376     |   8
    45   |    0.3111    |    12.250     |   9
    46   |    0.3111    |    12.250     |   9
    47   |    0.3111    |    12.250     |   9
    48   |    0.3111    |    12.250     |   9
    49   |    0.3111    |    12.250     |   9
    50   |    0.3111    |    12.250     |   9


----------------------------------------------
Plant HTF volume information:
----------------------------------------------
Cold header pipe volume:   0.1440E+04 m3
Hot header pipe volume:    0.1440E+04 m3
Volume per loop:           0.2816E+01 m3
Total volume in all loops: 0.5575E+03 m3
Total solar field volume:  0.3438E+04 m3
Pump / SGS system volume:  0.8533E+03 m3
---------------------------
Total plant HTF volume:    0.4291E+04 m3
