            TRNSYS - the TRaNsient SYstem Simulation program

   The Solar Energy Lab at the University of Wisconsin - Madison, USA
Le Centre Scientifique et Technique du Batiment, Sophia Antipolis, France
           Transsolar Energietechnik GmBH, Stuttgart, Germany
        Thermal Energy System Specialists, Madison Wisconsin, USA

                           Release 16.xx.xxxx

Simulation log for: "C:\Users\tneises\Documents\Projects\ssc\tcs\typelib\Physical_Trough_Ty\trnsys.dtr.trd"
 
*** Notice at time        :         0.000000
    Generated by Unit     : Not applicable or not available
    Generated by Type     : Not applicable or not available
    Message               : The TRNSYS Executable (TRNExe.exe) and main DLL (TRNDll.dll) are located in "."
 
*** Warning at time       :         0.000000
    Generated by Unit     : Not applicable or not available
    Generated by Type     : Not applicable or not available
    TRNSYS Message    443 : The file containing the TRNSYS dimensions and unit conversions (UNITS.LAB) could not be found or is empty.  Unit conversions will not be done and output units will not be printed to the output files.
    Reported information  : Could not find "units.lab"
 
*** Warning at time       :      2122.000000
    Generated by Unit     : Not applicable or not available
    Generated by Type     : Not applicable or not available
    TRNSYS Message    441 : The inputs to the listed units have not converged at this timestep. The values at the last iteration will be used and the simulation will proceed.
    Reported information  : UNITS: 3   4
 
*** Warning at time       :      2458.000000
    Generated by Unit     : Not applicable or not available
    Generated by Type     : Not applicable or not available
    TRNSYS Message    441 : The inputs to the listed units have not converged at this timestep. The values at the last iteration will be used and the simulation will proceed.
    Reported information  : UNITS: 3   4
 
*** Warning at time       :      2582.000000
    Generated by Unit     : Not applicable or not available
    Generated by Type     : Not applicable or not available
    TRNSYS Message    441 : The inputs to the listed units have not converged at this timestep. The values at the last iteration will be used and the simulation will proceed.
    Reported information  : UNITS: 3   4
 
*** Warning at time       :      2842.000000
    Generated by Unit     : Not applicable or not available
    Generated by Type     : Not applicable or not available
    TRNSYS Message    441 : The inputs to the listed units have not converged at this timestep. The values at the last iteration will be used and the simulation will proceed.
    Reported information  : UNITS: 3   4
 
*** Warning at time       :      2843.000000
    Generated by Unit     : Not applicable or not available
    Generated by Type     : Not applicable or not available
    TRNSYS Message    441 : The inputs to the listed units have not converged at this timestep. The values at the last iteration will be used and the simulation will proceed.
    Reported information  : UNITS: 3   4
 
*** Warning at time       :      2846.000000
    Generated by Unit     : Not applicable or not available
    Generated by Type     : Not applicable or not available
    TRNSYS Message    441 : The inputs to the listed units have not converged at this timestep. The values at the last iteration will be used and the simulation will proceed.
    Reported information  : UNITS: 3   4
 
*** Warning at time       :      2914.000000
    Generated by Unit     : Not applicable or not available
    Generated by Type     : Not applicable or not available
    TRNSYS Message    441 : The inputs to the listed units have not converged at this timestep. The values at the last iteration will be used and the simulation will proceed.
    Reported information  : UNITS: 3   4
 
*** Warning at time       :      2915.000000
    Generated by Unit     : Not applicable or not available
    Generated by Type     : Not applicable or not available
    TRNSYS Message    441 : The inputs to the listed units have not converged at this timestep. The values at the last iteration will be used and the simulation will proceed.
    Reported information  : UNITS: 3   4
 
*** Warning at time       :      2916.000000
    Generated by Unit     : Not applicable or not available
    Generated by Type     : Not applicable or not available
    TRNSYS Message    441 : The inputs to the listed units have not converged at this timestep. The values at the last iteration will be used and the simulation will proceed.
    Reported information  : UNITS: 3   4
 
*** Warning at time       :      2939.000000
    Generated by Unit     : Not applicable or not available
    Generated by Type     : Not applicable or not available
    TRNSYS Message    441 : The inputs to the listed units have not converged at this timestep. The values at the last iteration will be used and the simulation will proceed.
    Reported information  : UNITS: 3   4
 
*** Warning at time       :      2940.000000
    Generated by Unit     : Not applicable or not available
    Generated by Type     : Not applicable or not available
    TRNSYS Message    441 : The inputs to the listed units have not converged at this timestep. The values at the last iteration will be used and the simulation will proceed.
    Reported information  : UNITS: 3   4
 
*** Warning at time       :      2941.000000
    Generated by Unit     : Not applicable or not available
    Generated by Type     : Not applicable or not available
    TRNSYS Message    441 : The inputs to the listed units have not converged at this timestep. The values at the last iteration will be used and the simulation will proceed.
    Reported information  : UNITS: 3   4
 
*** Warning at time       :      2942.000000
    Generated by Unit     : Not applicable or not available
    Generated by Type     : Not applicable or not available
    TRNSYS Message    441 : The inputs to the listed units have not converged at this timestep. The values at the last iteration will be used and the simulation will proceed.
    Reported information  : UNITS: 3   4
 
*** Warning at time       :      3058.000000
    Generated by Unit     : Not applicable or not available
    Generated by Type     : Not applicable or not available
    TRNSYS Message    441 : The inputs to the listed units have not converged at this timestep. The values at the last iteration will be used and the simulation will proceed.
    Reported information  : UNITS: 3   4
 
*** Warning at time       :      3059.000000
    Generated by Unit     : Not applicable or not available
    Generated by Type     : Not applicable or not available
    TRNSYS Message    441 : The inputs to the listed units have not converged at this timestep. The values at the last iteration will be used and the simulation will proceed.
    Reported information  : UNITS: 3   4
 
*** Warning at time       :      3060.000000
    Generated by Unit     : Not applicable or not available
    Generated by Type     : Not applicable or not available
    TRNSYS Message    441 : The inputs to the listed units have not converged at this timestep. The values at the last iteration will be used and the simulation will proceed.
    Reported information  : UNITS: 3   4
 
*** Warning at time       :      3061.000000
    Generated by Unit     : Not applicable or not available
    Generated by Type     : Not applicable or not available
    TRNSYS Message    441 : The inputs to the listed units have not converged at this timestep. The values at the last iteration will be used and the simulation will proceed.
    Reported information  : UNITS: 3   4
 
*** Warning at time       :      3207.000000
    Generated by Unit     : Not applicable or not available
    Generated by Type     : Not applicable or not available
    TRNSYS Message    441 : The inputs to the listed units have not converged at this timestep. The values at the last iteration will be used and the simulation will proceed.
    Reported information  : UNITS: 3   4
 
*** Warning at time       :      3298.000000
    Generated by Unit     : Not applicable or not available
    Generated by Type     : Not applicable or not available
    TRNSYS Message    441 : The inputs to the listed units have not converged at this timestep. The values at the last iteration will be used and the simulation will proceed.
    Reported information  : UNITS: 3   4
 
*** Warning at time       :      3299.000000
    Generated by Unit     : Not applicable or not available
    Generated by Type     : Not applicable or not available
    TRNSYS Message    441 : The inputs to the listed units have not converged at this timestep. The values at the last iteration will be used and the simulation will proceed.
    Reported information  : UNITS: 3   4
 
*** Warning at time       :      3300.000000
    Generated by Unit     : Not applicable or not available
    Generated by Type     : Not applicable or not available
    TRNSYS Message    441 : The inputs to the listed units have not converged at this timestep. The values at the last iteration will be used and the simulation will proceed.
    Reported information  : UNITS: 3   4
 
*** Warning at time       :      3301.000000
    Generated by Unit     : Not applicable or not available
    Generated by Type     : Not applicable or not available
    TRNSYS Message    441 : The inputs to the listed units have not converged at this timestep. The values at the last iteration will be used and the simulation will proceed.
    Reported information  : UNITS: 3   4
 
*** Warning at time       :      3322.000000
    Generated by Unit     : Not applicable or not available
    Generated by Type     : Not applicable or not available
    TRNSYS Message    441 : The inputs to the listed units have not converged at this timestep. The values at the last iteration will be used and the simulation will proceed.
    Reported information  : UNITS: 3   4
 
*** Warning at time       :      3323.000000
    Generated by Unit     : Not applicable or not available
    Generated by Type     : Not applicable or not available
    TRNSYS Message    441 : The inputs to the listed units have not converged at this timestep. The values at the last iteration will be used and the simulation will proceed.
    Reported information  : UNITS: 3   4
 
*** Warning at time       :      3324.000000
    Generated by Unit     : Not applicable or not available
    Generated by Type     : Not applicable or not available
    TRNSYS Message    441 : The inputs to the listed units have not converged at this timestep. The values at the last iteration will be used and the simulation will proceed.
    Reported information  : UNITS: 3   4
 
*** Warning at time       :      3325.000000
    Generated by Unit     : Not applicable or not available
    Generated by Type     : Not applicable or not available
    TRNSYS Message    441 : The inputs to the listed units have not converged at this timestep. The values at the last iteration will be used and the simulation will proceed.
    Reported information  : UNITS: 3   4
 
*** Warning at time       :      3346.000000
    Generated by Unit     : Not applicable or not available
    Generated by Type     : Not applicable or not available
    TRNSYS Message    441 : The inputs to the listed units have not converged at this timestep. The values at the last iteration will be used and the simulation will proceed.
    Reported information  : UNITS: 3   4
 
*** Warning at time       :      3347.000000
    Generated by Unit     : Not applicable or not available
    Generated by Type     : Not applicable or not available
    TRNSYS Message    441 : The inputs to the listed units have not converged at this timestep. The values at the last iteration will be used and the simulation will proceed.
    Reported information  : UNITS: 3   4
 
*** Warning at time       :      3348.000000
    Generated by Unit     : Not applicable or not available
    Generated by Type     : Not applicable or not available
    TRNSYS Message    441 : The inputs to the listed units have not converged at this timestep. The values at the last iteration will be used and the simulation will proceed.
    Reported information  : UNITS: 3   4
 
*** Warning at time       :      3349.000000
    Generated by Unit     : Not applicable or not available
    Generated by Type     : Not applicable or not available
    TRNSYS Message    441 : The inputs to the listed units have not converged at this timestep. The values at the last iteration will be used and the simulation will proceed.
    Reported information  : UNITS: 3   4
 
*** Warning at time       :      3419.000000
    Generated by Unit     : Not applicable or not available
    Generated by Type     : Not applicable or not available
    TRNSYS Message    441 : The inputs to the listed units have not converged at this timestep. The values at the last iteration will be used and the simulation will proceed.
    Reported information  : UNITS: 3   4
 
*** Warning at time       :      3420.000000
    Generated by Unit     : Not applicable or not available
    Generated by Type     : Not applicable or not available
    TRNSYS Message    441 : The inputs to the listed units have not converged at this timestep. The values at the last iteration will be used and the simulation will proceed.
    Reported information  : UNITS: 3   4   5
 
*** Warning at time       :      3443.000000
    Generated by Unit     : Not applicable or not available
    Generated by Type     : Not applicable or not available
    TRNSYS Message    441 : The inputs to the listed units have not converged at this timestep. The values at the last iteration will be used and the simulation will proceed.
    Reported information  : UNITS: 3   4
 
*** Warning at time       :      3444.000000
    Generated by Unit     : Not applicable or not available
    Generated by Type     : Not applicable or not available
    TRNSYS Message    441 : The inputs to the listed units have not converged at this timestep. The values at the last iteration will be used and the simulation will proceed.
    Reported information  : UNITS: 3   4
 
*** Warning at time       :      3445.000000
    Generated by Unit     : Not applicable or not available
    Generated by Type     : Not applicable or not available
    TRNSYS Message    441 : The inputs to the listed units have not converged at this timestep. The values at the last iteration will be used and the simulation will proceed.
    Reported information  : UNITS: 3   4
 
*** Warning at time       :      3466.000000
    Generated by Unit     : Not applicable or not available
    Generated by Type     : Not applicable or not available
    TRNSYS Message    441 : The inputs to the listed units have not converged at this timestep. The values at the last iteration will be used and the simulation will proceed.
    Reported information  : UNITS: 3   4
 
*** Warning at time       :      3467.000000
    Generated by Unit     : Not applicable or not available
    Generated by Type     : Not applicable or not available
    TRNSYS Message    441 : The inputs to the listed units have not converged at this timestep. The values at the last iteration will be used and the simulation will proceed.
    Reported information  : UNITS: 3   4
 
*** Warning at time       :      3468.000000
    Generated by Unit     : Not applicable or not available
    Generated by Type     : Not applicable or not available
    TRNSYS Message    441 : The inputs to the listed units have not converged at this timestep. The values at the last iteration will be used and the simulation will proceed.
    Reported information  : UNITS: 3   4
 
*** Warning at time       :      3469.000000
    Generated by Unit     : Not applicable or not available
    Generated by Type     : Not applicable or not available
    TRNSYS Message    441 : The inputs to the listed units have not converged at this timestep. The values at the last iteration will be used and the simulation will proceed.
    Reported information  : UNITS: 3   4
 
*** Warning at time       :      3492.000000
    Generated by Unit     : Not applicable or not available
    Generated by Type     : Not applicable or not available
    TRNSYS Message    441 : The inputs to the listed units have not converged at this timestep. The values at the last iteration will be used and the simulation will proceed.
    Reported information  : UNITS: 3   4
 
*** Warning at time       :      3493.000000
    Generated by Unit     : Not applicable or not available
    Generated by Type     : Not applicable or not available
    TRNSYS Message    441 : The inputs to the listed units have not converged at this timestep. The values at the last iteration will be used and the simulation will proceed.
    Reported information  : UNITS: 3   4
 
*** Warning at time       :      3514.000000
    Generated by Unit     : Not applicable or not available
    Generated by Type     : Not applicable or not available
    TRNSYS Message    441 : The inputs to the listed units have not converged at this timestep. The values at the last iteration will be used and the simulation will proceed.
    Reported information  : UNITS: 3   4
 
*** Warning at time       :      3515.000000
    Generated by Unit     : Not applicable or not available
    Generated by Type     : Not applicable or not available
    TRNSYS Message    441 : The inputs to the listed units have not converged at this timestep. The values at the last iteration will be used and the simulation will proceed.
    Reported information  : UNITS: 3   4
 
*** Warning at time       :      3516.000000
    Generated by Unit     : Not applicable or not available
    Generated by Type     : Not applicable or not available
    TRNSYS Message    441 : The inputs to the listed units have not converged at this timestep. The values at the last iteration will be used and the simulation will proceed.
    Reported information  : UNITS: 3   4
 
*** Warning at time       :      3517.000000
    Generated by Unit     : Not applicable or not available
    Generated by Type     : Not applicable or not available
    TRNSYS Message    441 : The inputs to the listed units have not converged at this timestep. The values at the last iteration will be used and the simulation will proceed.
    Reported information  : UNITS: 3   4
 
*** Warning at time       :      3564.000000
    Generated by Unit     : Not applicable or not available
    Generated by Type     : Not applicable or not available
    TRNSYS Message    441 : The inputs to the listed units have not converged at this timestep. The values at the last iteration will be used and the simulation will proceed.
    Reported information  : UNITS: 3   4
 
*** Warning at time       :      3565.000000
    Generated by Unit     : Not applicable or not available
    Generated by Type     : Not applicable or not available
    TRNSYS Message    441 : The inputs to the listed units have not converged at this timestep. The values at the last iteration will be used and the simulation will proceed.
    Reported information  : UNITS: 3   4
 
*** Warning at time       :      3635.000000
    Generated by Unit     : Not applicable or not available
    Generated by Type     : Not applicable or not available
    TRNSYS Message    441 : The inputs to the listed units have not converged at this timestep. The values at the last iteration will be used and the simulation will proceed.
    Reported information  : UNITS: 3   4
 
*** Warning at time       :      3686.000000
    Generated by Unit     : Not applicable or not available
    Generated by Type     : Not applicable or not available
    TRNSYS Message    441 : The inputs to the listed units have not converged at this timestep. The values at the last iteration will be used and the simulation will proceed.
    Reported information  : UNITS: 3   4
 
*** Warning at time       :      3730.000000
    Generated by Unit     : Not applicable or not available
    Generated by Type     : Not applicable or not available
    TRNSYS Message    441 : The inputs to the listed units have not converged at this timestep. The values at the last iteration will be used and the simulation will proceed.
    Reported information  : UNITS: 3   4
 
*** Warning at time       :      3731.000000
    Generated by Unit     : Not applicable or not available
    Generated by Type     : Not applicable or not available
    TRNSYS Message    441 : The inputs to the listed units have not converged at this timestep. The values at the last iteration will be used and the simulation will proceed.
    Reported information  : UNITS: 3   4
 
*** Warning at time       :      3732.000000
    Generated by Unit     : Not applicable or not available
    Generated by Type     : Not applicable or not available
    TRNSYS Message    441 : The inputs to the listed units have not converged at this timestep. The values at the last iteration will be used and the simulation will proceed.
    Reported information  : UNITS: 3   4
 
*** Warning at time       :      3782.000000
    Generated by Unit     : Not applicable or not available
    Generated by Type     : Not applicable or not available
    TRNSYS Message    441 : The inputs to the listed units have not converged at this timestep. The values at the last iteration will be used and the simulation will proceed.
    Reported information  : UNITS: 3   4
 
*** Warning at time       :      3783.000000
    Generated by Unit     : Not applicable or not available
    Generated by Type     : Not applicable or not available
    TRNSYS Message    441 : The inputs to the listed units have not converged at this timestep. The values at the last iteration will be used and the simulation will proceed.
    Reported information  : UNITS: 3   4
 
*** Warning at time       :      3973.000000
    Generated by Unit     : Not applicable or not available
    Generated by Type     : Not applicable or not available
    TRNSYS Message    441 : The inputs to the listed units have not converged at this timestep. The values at the last iteration will be used and the simulation will proceed.
    Reported information  : UNITS: 3   4
 
*** Warning at time       :      4018.000000
    Generated by Unit     : Not applicable or not available
    Generated by Type     : Not applicable or not available
    TRNSYS Message    441 : The inputs to the listed units have not converged at this timestep. The values at the last iteration will be used and the simulation will proceed.
    Reported information  : UNITS: 3   4
 
*** Warning at time       :      4019.000000
    Generated by Unit     : Not applicable or not available
    Generated by Type     : Not applicable or not available
    TRNSYS Message    441 : The inputs to the listed units have not converged at this timestep. The values at the last iteration will be used and the simulation will proceed.
    Reported information  : UNITS: 3   4
 
*** Warning at time       :      4020.000000
    Generated by Unit     : Not applicable or not available
    Generated by Type     : Not applicable or not available
    TRNSYS Message    441 : The inputs to the listed units have not converged at this timestep. The values at the last iteration will be used and the simulation will proceed.
    Reported information  : UNITS: 3   4
 
*** Warning at time       :      4021.000000
    Generated by Unit     : Not applicable or not available
    Generated by Type     : Not applicable or not available
    TRNSYS Message    441 : The inputs to the listed units have not converged at this timestep. The values at the last iteration will be used and the simulation will proceed.
    Reported information  : UNITS: 3   4
 
*** Warning at time       :      4046.000000
    Generated by Unit     : Not applicable or not available
    Generated by Type     : Not applicable or not available
    TRNSYS Message    441 : The inputs to the listed units have not converged at this timestep. The values at the last iteration will be used and the simulation will proceed.
    Reported information  : UNITS: 3   4
 
*** Warning at time       :      4069.000000
    Generated by Unit     : Not applicable or not available
    Generated by Type     : Not applicable or not available
    TRNSYS Message    441 : The inputs to the listed units have not converged at this timestep. The values at the last iteration will be used and the simulation will proceed.
    Reported information  : UNITS: 3   4
 
*** Warning at time       :      4070.000000
    Generated by Unit     : Not applicable or not available
    Generated by Type     : Not applicable or not available
    TRNSYS Message    441 : The inputs to the listed units have not converged at this timestep. The values at the last iteration will be used and the simulation will proceed.
    Reported information  : UNITS: 3   4
 
*** Warning at time       :      4115.000000
    Generated by Unit     : Not applicable or not available
    Generated by Type     : Not applicable or not available
    TRNSYS Message    441 : The inputs to the listed units have not converged at this timestep. The values at the last iteration will be used and the simulation will proceed.
    Reported information  : UNITS: 3   4   5
 
*** Warning at time       :      4116.000000
    Generated by Unit     : Not applicable or not available
    Generated by Type     : Not applicable or not available
    TRNSYS Message    441 : The inputs to the listed units have not converged at this timestep. The values at the last iteration will be used and the simulation will proceed.
    Reported information  : UNITS: 3   4
 
*** Warning at time       :      4117.000000
    Generated by Unit     : Not applicable or not available
    Generated by Type     : Not applicable or not available
    TRNSYS Message    441 : The inputs to the listed units have not converged at this timestep. The values at the last iteration will be used and the simulation will proceed.
    Reported information  : UNITS: 3   4
 
*** Warning at time       :      4118.000000
    Generated by Unit     : Not applicable or not available
    Generated by Type     : Not applicable or not available
    TRNSYS Message    441 : The inputs to the listed units have not converged at this timestep. The values at the last iteration will be used and the simulation will proceed.
    Reported information  : UNITS: 3   4
 
*** Warning at time       :      4140.000000
    Generated by Unit     : Not applicable or not available
    Generated by Type     : Not applicable or not available
    TRNSYS Message    441 : The inputs to the listed units have not converged at this timestep. The values at the last iteration will be used and the simulation will proceed.
    Reported information  : UNITS: 3   4   5
 
*** Warning at time       :      4141.000000
    Generated by Unit     : Not applicable or not available
    Generated by Type     : Not applicable or not available
    TRNSYS Message    441 : The inputs to the listed units have not converged at this timestep. The values at the last iteration will be used and the simulation will proceed.
    Reported information  : UNITS: 3   4   5
 
*** Warning at time       :      4236.000000
    Generated by Unit     : Not applicable or not available
    Generated by Type     : Not applicable or not available
    TRNSYS Message    441 : The inputs to the listed units have not converged at this timestep. The values at the last iteration will be used and the simulation will proceed.
    Reported information  : UNITS: 3   4
 
*** Warning at time       :      4237.000000
    Generated by Unit     : Not applicable or not available
    Generated by Type     : Not applicable or not available
    TRNSYS Message    441 : The inputs to the listed units have not converged at this timestep. The values at the last iteration will be used and the simulation will proceed.
    Reported information  : UNITS: 3   4
 
*** Warning at time       :      4238.000000
    Generated by Unit     : Not applicable or not available
    Generated by Type     : Not applicable or not available
    TRNSYS Message    441 : The inputs to the listed units have not converged at this timestep. The values at the last iteration will be used and the simulation will proceed.
    Reported information  : UNITS: 3   4
